<?xml version="1.0" encoding="UTF-8"?>
<!-- Generated by org.testng.reporters.JUnitReportReporter -->
<testsuite skipped="0" hostname="Sayannas-MacBook-Pro.local" name="Runner.TestRunner" tests="1" failures="0" timestamp="2021-04-25T07:47:30 PDT" time="7.971" errors="0">
  <testcase name="feature" time="7.971" classname="Runner.TestRunner"/>
</testsuite> <!-- Runner.TestRunner -->
